This is pdfeTeX, Version 3.141592-1.30.4-2.2 (Web2C 7.5.5) (format=pdflatex 2006.11.17)  15 DEC 2006 11:38
entering extended mode
\write18 enabled.
**marechal-rastoix-rapport.tex
(./marechal-rastoix-rapport.tex
LaTeX2e <2003/12/01>
Babel <v3.8d> and hyphenation patterns for american, french, german, ngerman, b
ahasa, basque, bulgarian, catalan, croatian, czech, danish, dutch, esperanto, e
stonian, finnish, greek, icelandic, irish, italian, latin, magyar, norsk, polis
h, portuges, romanian, russian, serbian, slovak, slovene, spanish, swedish, tur
kish, ukrainian, nohyphenation, loaded.
(/usr/local/teTeX/share/texmf.tetex/tex/latex/base/article.cls
Document Class: article 2004/02/16 v1.4f Standard LaTeX document class
(/usr/local/teTeX/share/texmf.tetex/tex/latex/base/size12.clo
File: size12.clo 2004/02/16 v1.4f Standard LaTeX file (size option)
)
\c@part=\count79
\c@section=\count80
\c@subsection=\count81
\c@subsubsection=\count82
\c@paragraph=\count83
\c@subparagraph=\count84
\c@figure=\count85
\c@table=\count86
\abovecaptionskip=\skip41
\belowcaptionskip=\skip42
\bibindent=\dimen102
)
(/usr/local/teTeX/share/texmf.tetex/tex/latex/geometry/geometry.sty
Package: geometry 2002/07/08 v3.2 Page Geometry

(/usr/local/teTeX/share/texmf.tetex/tex/latex/graphics/keyval.sty
Package: keyval 1999/03/16 v1.13 key=value parser (DPC)
\KV@toks@=\toks14
)
\Gm@cnth=\count87
\Gm@cntv=\count88
\c@Gm@tempcnt=\count89
\Gm@bindingoffset=\dimen103
\Gm@wd@mp=\dimen104
\Gm@odd@mp=\dimen105
\Gm@even@mp=\dimen106
\Gm@dimlist=\toks15

(/usr/local/teTeX/share/texmf.tetex/tex/latex/geometry/geometry.cfg))
(/usr/local/teTeX/share/texmf.tetex/tex/latex/oberdiek/epstopdf.sty
Package: epstopdf 2001/02/04 v1.1 Conversion with epstopdf on the fly (HO)


Package epstopdf Warning: No graphics package `graphic{s,x}' loaded.

) (/usr/local/teTeX/share/texmf.tetex/tex/latex/psnfss/times.sty
Package: times 2004/09/15 PSNFSS-v9.2 (SPQR) 
)
(/usr/local/teTeX/share/texmf.tetex/tex/generic/babel/babel.sty
Package: babel 2004/11/20 v3.8d The Babel package

(/usr/local/teTeX/share/texmf.tetex/tex/generic/babel/frenchb.ldf
Language: french 2004/04/02 v1.6f French support from the babel system

(/usr/local/teTeX/share/texmf.tetex/tex/generic/babel/babel.def
File: babel.def 2004/11/20 v3.8d Babel common definitions
\babel@savecnt=\count90
\U@D=\dimen107
)
Package babel Info: Making : an active character on input line 219.
Package babel Info: Making ; an active character on input line 220.
Package babel Info: Making ! an active character on input line 221.
Package babel Info: Making ? an active character on input line 222.
LaTeX Font Info:    Redeclaring font encoding T1 on input line 299.
\parindentFFN=\dimen108
\std@mcc=\count91
\dec@mcc=\count92

*************************************
* Local config file frenchb.cfg used
*
(/usr/local/teTeX/share/texmf.tetex/tex/generic/babel/frenchb.cfg)))
(/usr/local/teTeX/share/texmf.tetex/tex/latex/base/fontenc.sty
Package: fontenc 2004/02/22 v1.99f Standard LaTeX package

(/usr/local/teTeX/share/texmf.tetex/tex/latex/base/t1enc.def
File: t1enc.def 2004/02/22 v1.99f Standard LaTeX file
LaTeX Font Info:    Redeclaring font encoding T1 on input line 43.
))
(/usr/local/teTeX/share/texmf.tetex/tex/latex/url/url.sty
\Urlmuskip=\muskip10
Package: url 2004/03/15  ver 3.1  Verb mode for urls, etc.
)
(/usr/local/teTeX/share/texmf.tetex/tex/latex/amsfonts/amssymb.sty
Package: amssymb 2002/01/22 v2.2d

(/usr/local/teTeX/share/texmf.tetex/tex/latex/amsfonts/amsfonts.sty
Package: amsfonts 2001/10/25 v2.2f
\@emptytoks=\toks16
\symAMSa=\mathgroup4
\symAMSb=\mathgroup5
LaTeX Font Info:    Overwriting math alphabet `\mathfrak' in version `bold'
(Font)                  U/euf/m/n --> U/euf/b/n on input line 132.
))
(/usr/local/teTeX/share/texmf.tetex/tex/latex/base/latexsym.sty
Package: latexsym 1998/08/17 v2.2e Standard LaTeX package (lasy symbols)
\symlasy=\mathgroup6
LaTeX Font Info:    Overwriting symbol font `lasy' in version `bold'
(Font)                  U/lasy/m/n --> U/lasy/b/n on input line 47.
)
(/usr/local/teTeX/share/texmf.tetex/tex/latex/amsmath/amsmath.sty
Package: amsmath 2000/07/18 v2.13 AMS math features
\@mathmargin=\skip43

For additional information on amsmath, use the `?' option.
(/usr/local/teTeX/share/texmf.tetex/tex/latex/amsmath/amstext.sty
Package: amstext 2000/06/29 v2.01

(/usr/local/teTeX/share/texmf.tetex/tex/latex/amsmath/amsgen.sty
File: amsgen.sty 1999/11/30 v2.0
\@emptytoks=\toks17
\ex@=\dimen109
))
(/usr/local/teTeX/share/texmf.tetex/tex/latex/amsmath/amsbsy.sty
Package: amsbsy 1999/11/29 v1.2d
\pmbraise@=\dimen110
)
(/usr/local/teTeX/share/texmf.tetex/tex/latex/amsmath/amsopn.sty
Package: amsopn 1999/12/14 v2.01 operator names
)
\inf@bad=\count93
LaTeX Info: Redefining \frac on input line 211.
\uproot@=\count94
\leftroot@=\count95
LaTeX Info: Redefining \overline on input line 307.
\classnum@=\count96
\DOTSCASE@=\count97
LaTeX Info: Redefining \ldots on input line 379.
LaTeX Info: Redefining \dots on input line 382.
LaTeX Info: Redefining \cdots on input line 467.
\Mathstrutbox@=\box26
\strutbox@=\box27
\big@size=\dimen111
LaTeX Font Info:    Redeclaring font encoding OML on input line 567.
LaTeX Font Info:    Redeclaring font encoding OMS on input line 568.
\macc@depth=\count98
\c@MaxMatrixCols=\count99
\dotsspace@=\muskip11
\c@parentequation=\count100
\dspbrk@lvl=\count101
\tag@help=\toks18
\row@=\count102
\column@=\count103
\maxfields@=\count104
\andhelp@=\toks19
\eqnshift@=\dimen112
\alignsep@=\dimen113
\tagshift@=\dimen114
\tagwidth@=\dimen115
\totwidth@=\dimen116
\lineht@=\dimen117
\@envbody=\toks20
\multlinegap=\skip44
\multlinetaggap=\skip45
\mathdisplay@stack=\toks21
LaTeX Info: Redefining \[ on input line 2666.
LaTeX Info: Redefining \] on input line 2667.
)
(/usr/local/teTeX/share/texmf.tetex/tex/latex/graphics/graphicx.sty
Package: graphicx 1999/02/16 v1.0f Enhanced LaTeX Graphics (DPC,SPQR)

(/usr/local/teTeX/share/texmf.tetex/tex/latex/graphics/graphics.sty
Package: graphics 2001/07/07 v1.0n Standard LaTeX Graphics (DPC,SPQR)

(/usr/local/teTeX/share/texmf.tetex/tex/latex/graphics/trig.sty
Package: trig 1999/03/16 v1.09 sin cos tan (DPC)
)
(/usr/local/teTeX/share/texmf.tetex/tex/latex/graphics/graphics.cfg
File: graphics.cfg 2005/02/03 v1.3 graphics configuration of teTeX/TeXLive
)
Package graphics Info: Driver file: pdftex.def on input line 80.

(/usr/local/teTeX/share/texmf.tetex/tex/latex/graphics/pdftex.def
File: pdftex.def 2002/06/19 v0.03k graphics/color for pdftex
\Gread@gobject=\count105
))
\Gin@req@height=\dimen118
\Gin@req@width=\dimen119
)
(/usr/local/teTeX/share/texmf.tetex/tex/latex/pstricks/pstricks.sty
Package: pstricks 2004/05/12 v0.2l LaTeX wrapper for `PSTricks' (RN,HV)

(/usr/local/teTeX/share/texmf.tetex/tex/generic/pstricks/pstricks.tex
`PSTricks' v1.04  <2004/06/22> (tvz)
\pst@dima=\dimen120
\pst@dimb=\dimen121
\pst@dimc=\dimen122
\pst@dimd=\dimen123
\pst@dimg=\dimen124
\pst@dimh=\dimen125
\pst@hbox=\box28
\pst@boxg=\box29
\pst@cnta=\count106
\pst@cntb=\count107
\pst@cntc=\count108
\pst@cntd=\count109
\pst@cntg=\count110
\pst@cnth=\count111
\pst@toks=\toks22
(/usr/local/teTeX/share/texmf.tetex/tex/generic/pstricks/pstricks.con)
\psunit=\dimen126
\psxunit=\dimen127
\psyunit=\dimen128
\pslinewidth=\dimen129
\pst@customdefs=\toks23
\pslinearc=\dimen130
\everypsbox=\toks24
\psframesep=\dimen131
\pslabelsep=\dimen132
\theoverlaybox=\box30
)
File: pstricks.tex 2004/06/22 v1.04 `PSTricks' (tvz)

(/usr/local/teTeX/share/texmf.tetex/tex/latex/xcolor/xcolor.sty
Package: xcolor 2004/07/04 v2.00 LaTeX color extensions (UK)

(/usr/local/teTeX/share/texmf.tetex/tex/latex/graphics/color.cfg
File: color.cfg 2005/02/03 v1.3 color configuration of teTeX/TeXLive
)
Package xcolor Info: Package option `override' ignored on input line 128.
Package xcolor Info: Driver file: pdftex.def on input line 136.
Package xcolor Info: Color model `cmy' added on input line 972.
Package xcolor Info: Color model `hsb' added on input line 980.
Package xcolor Info: Color model `HTML' added on input line 1000.
Package xcolor Info: Color model `HSB' added on input line 1006.
Package xcolor Info: Color model `Gray' added on input line 1012.
))
(/usr/local/teTeX/share/texmf.tetex/tex/latex/pstricks/pst-node.sty
Package: pst-node 2004/07/15 package wrapper for pst-node.tex

(/usr/local/teTeX/share/texmf.tetex/tex/generic/pstricks/pst-node.tex
 v97 patch 11, 2000/11/09
\psrow=\count112
\pscol=\count113
\psmatrixcnt=\count114
\psrowsep=\skip46
\pscolsep=\skip47
)
File: pst-node.tex 2000/11/09 97 patch 11 `pst-node' (tvz)
)
(/usr/local/teTeX/share/texmf.tetex/tex/latex/listings/listings.sty
\lst@mode=\count115
\lst@gtempboxa=\box31
\lst@token=\toks25
\lst@length=\count116
\lst@currlwidth=\dimen133
\lst@column=\count117
\lst@pos=\count118
\lst@lostspace=\dimen134
\lst@width=\dimen135
\lst@newlines=\count119
\lst@lineno=\count120
\c@lstlisting=\count121
\lst@maxwidth=\dimen136

(/usr/local/teTeX/share/texmf.tetex/tex/latex/listings/lstpatch.sty
File: lstpatch.sty 2004/10/17 1.3b (Carsten Heinz)
)
(/usr/local/teTeX/share/texmf.tetex/tex/latex/listings/lstmisc.sty
File: lstmisc.sty 2004/09/07 1.3 (Carsten Heinz)
\c@lstnumber=\count122
\lst@skipnumbers=\count123
\lst@framebox=\box32
)
(/usr/local/teTeX/share/texmf.tetex/tex/latex/listings/listings.cfg
File: listings.cfg 2004/09/05 1.3 listings configuration
))
Package: listings 2004/10/17 1.3b (Carsten Heinz)

(./marechal-rastoix-rapport.aux

LaTeX Warning: Label `schema' multiply defined.


LaTeX Warning: Label `schema' multiply defined.


LaTeX Warning: Label `schema' multiply defined.


LaTeX Warning: Label `schema' multiply defined.

)
\openout1 = `marechal-rastoix-rapport.aux'.

LaTeX Font Info:    Checking defaults for OML/cmm/m/it on input line 42.
LaTeX Font Info:    ... okay on input line 42.
LaTeX Font Info:    Checking defaults for T1/lmr/m/n on input line 42.
LaTeX Font Info:    Try loading font information for T1+lmr on input line 42.
 (/usr/local/teTeX/share/texmf.tetex/tex/latex/lm/t1lmr.fd
File: t1lmr.fd 2005/08/29 v1.2 Font defs for Latin Modern
)
LaTeX Font Info:    ... okay on input line 42.
LaTeX Font Info:    Checking defaults for OT1/cmr/m/n on input line 42.
LaTeX Font Info:    ... okay on input line 42.
LaTeX Font Info:    Checking defaults for OMS/cmsy/m/n on input line 42.
LaTeX Font Info:    ... okay on input line 42.
LaTeX Font Info:    Checking defaults for OMX/cmex/m/n on input line 42.
LaTeX Font Info:    ... okay on input line 42.
LaTeX Font Info:    Checking defaults for U/cmr/m/n on input line 42.
LaTeX Font Info:    ... okay on input line 42.
LaTeX Font Info:    Try loading font information for T1+ptm on input line 42.

(/usr/local/teTeX/share/texmf.tetex/tex/latex/psnfss/t1ptm.fd
File: t1ptm.fd 2001/06/04 font definitions for T1/ptm.
)
-------------------- Geometry parameters
paper: letterpaper
landscape: --
twocolumn: --
twoside: --
asymmetric: --
h-parts: 92.14519pt, 0.7\paperwidth , 92.14519pt (default)
v-parts: 95.39737pt, 0.7\paperheight , 143.09605pt (default)
hmarginratio: 1:1
vmarginratio: 2:3
lines: --
heightrounded: --
bindingoffset: 0.0pt
truedimen: --
includehead: --
includefoot: --
includemp: --
driver: pdftex
-------------------- Page layout dimensions and switches
\paperwidth  614.295pt
\paperheight 794.96999pt
\textwidth  472.31592pt
\textheight 654.41338pt
\oddsidemargin  0.0pt
\evensidemargin 19.8752pt
\topmargin  -13.87262pt
\headheight 12.0pt
\headsep    25.0pt
\footskip   30.0pt
\marginparwidth 0.0pt
\marginparsep   0.0pt
\columnsep  10.0pt
\skip\footins  10.8pt plus 4.0pt minus 2.0pt
\hoffset 0.0pt
\voffset -56.9055pt
\mag 1000

(1in=72.27pt, 1cm=28.45pt)
-----------------------
LaTeX Info: Redefining \dots on input line 42.

(/usr/local/teTeX/share/texmf.tetex/tex/context/base/supp-pdf.tex
(/usr/local/teTeX/share/texmf.tetex/tex/context/base/supp-mis.tex
loading : Context Support Macros / Miscellaneous (2004.10.26)
\protectiondepth=\count124
\scratchcounter=\count125
\scratchtoks=\toks26
\scratchdimen=\dimen137
\scratchskip=\skip48
\scratchmuskip=\muskip12
\scratchbox=\box33
\scratchread=\read1
\scratchwrite=\write3
\zeropoint=\dimen138
\onepoint=\dimen139
\onebasepoint=\dimen140
\minusone=\count126
\thousandpoint=\dimen141
\onerealpoint=\dimen142
\emptytoks=\toks27
\nextbox=\box34
\nextdepth=\dimen143
\everyline=\toks28
\!!counta=\count127
\!!countb=\count128
\recursecounter=\count129
)
loading : Context Support Macros / PDF (2004.03.26)
\nofMPsegments=\count130
\nofMParguments=\count131
\MPscratchCnt=\count132
\MPscratchDim=\dimen144
\MPnumerator=\count133
\everyMPtoPDFconversion=\toks29
) <logo_ub.pdf, id=1, 55.16609pt x 28.908pt>
File: logo_ub.pdf Graphic file (type pdf)
 <use logo_ub.pdf>
<logo_ufr.pdf, id=2, 231.11343pt x 106.89937pt>
File: logo_ufr.pdf Graphic file (type pdf)
 <use logo_ufr.pdf>
Overfull \hbox (37.56967pt too wide) in paragraph at lines 44--47
[][]   [] 
 []


Underfull \hbox (badness 10000) in paragraph at lines 44--47

 []

[1
Non-PDF special ignored!
Non-PDF special ignored!
Non-PDF special ignored!

{/usr/local/teTeX/share/texmf.local/fonts/map/pdftex/updmap/pdftex.map} <./logo
_ub.pdf> <./logo_ufr.pdf>]
LaTeX Font Info:    Font shape `T1/ptm/bx/n' in size <17.28> not available
(Font)              Font shape `T1/ptm/b/n' tried instead on input line 74.

(./marechal-rastoix-rapport.toc
LaTeX Font Info:    Font shape `T1/ptm/bx/n' in size <12> not available
(Font)              Font shape `T1/ptm/b/n' tried instead on input line 2.
LaTeX Font Info:    Try loading font information for U+msa on input line 3.

(/usr/local/teTeX/share/texmf.tetex/tex/latex/amsfonts/umsa.fd
File: umsa.fd 2002/01/19 v2.2g AMS font definitions
)
LaTeX Font Info:    Try loading font information for U+msb on input line 3.

(/usr/local/teTeX/share/texmf.tetex/tex/latex/amsfonts/umsb.fd
File: umsb.fd 2002/01/19 v2.2g AMS font definitions
)
LaTeX Font Info:    Try loading font information for U+lasy on input line 3.

(/usr/local/teTeX/share/texmf.tetex/tex/latex/base/ulasy.fd
File: ulasy.fd 1998/08/17 v2.2e LaTeX symbol font definitions
))
\tf@toc=\write4
\openout4 = `marechal-rastoix-rapport.toc'.

 [1]
(./marechal-rastoix-rapport.lof)
\tf@lof=\write5
\openout5 = `marechal-rastoix-rapport.lof'.

 [2]
LaTeX Font Info:    Font shape `T1/ptm/bx/n' in size <14.4> not available
(Font)              Font shape `T1/ptm/b/n' tried instead on input line 84.

<couleurs.png, id=36, 190.7125pt x 33.12375pt>
File: couleurs.png Graphic file (type png)
 <use couleurs.png>
<combi.png, id=37, 116.435pt x 31.11626pt>
File: combi.png Graphic file (type png)
 <use combi.png>
<mm.png, id=38, 158.0304pt x 99.4917pt>
File: mm.png Graphic file (type png)
 <use mm.png> [3 <./couleurs.png> <./combi.png>] [4 <./mm.png (PNG copy)>]
Underfull \hbox (badness 10000) in paragraph at lines 153--154

 []


Underfull \hbox (badness 10000) in paragraph at lines 155--158

 []


Underfull \hbox (badness 10000) in paragraph at lines 158--162

 []

[5] [6] [7] [8] [9]
Overfull \hbox (37.53027pt too wide) detected at line 432
\OML/cmm/m/it/12 Nombre[]de[]boules[]de[]la[]couleur[]suivante \OT1/cmr/m/n/12 
= (\OML/cmm/m/it/12 NbBienPlace \OT1/cmr/m/n/12 + \OML/cmm/m/it/12 NbMalPlace\O
T1/cmr/m/n/12 ) \OMS/cmsy/m/n/12 ^^@ \OML/cmm/m/it/12 NbDejaTrouve \OMS/cmsy/m/
n/12 ^^@ \OT1/cmr/m/n/12 1\OML/cmm/m/it/12 :
 []

[10] [11] [12] [13]
LaTeX Font Info:    Font shape `T1/ptm/bx/it' in size <12> not available
(Font)              Font shape `T1/ptm/b/it' tried instead on input line 577.
 [14] [15]
<tentatives-moyen.png, id=106, 1284.8pt x 722.7pt>
File: tentatives-moyen.png Graphic file (type png)
 <use tentatives-moyen.png>

LaTeX Warning: `h' float specifier changed to `ht'.

[16] [17 <./tentatives-moyen.png (PNG copy)>]
<tentatives-max.png, id=113, 1284.8pt x 722.7pt>
File: tentatives-max.png Graphic file (type png)
 <use tentatives-max.png>
<temps.png, id=114, 1284.8pt x 722.7pt>
File: temps.png Graphic file (type png)
 <use temps.png> [18 <./tentatives-max.png (PNG copy)>] <IHM.png, id=119, 1104.
125pt x 726.715pt>
File: IHM.png Graphic file (type png)
 <use IHM.png>

LaTeX Warning: `h' float specifier changed to `ht'.

[19 <./temps.png (PNG copy)>] [20 <./IHM.png>]
LaTeX Font Info:    Try loading font information for T1+pcr on input line 775.

(/usr/local/teTeX/share/texmf.tetex/tex/latex/psnfss/t1pcr.fd
File: t1pcr.fd 2001/06/04 font definitions for T1/pcr.
)
Underfull \hbox (badness 10000) in paragraph at lines 775--776
[]\T1/ptm/m/n/12 Christine Sol-non (1997) $\T1/pcr/m/n/12 http : / / bat710 . u
niv-[]lyon1 . fr / ~csolnon /
 []


Underfull \hbox (badness 10000) in paragraph at lines 778--779
[]\T1/ptm/m/n/12 Sébastien Do-rane - $\T1/pcr/m/n/12 http : / / sjrd . developp
ez . com / algorithmique /
 []


Underfull \hbox (badness 2762) in paragraph at lines 780--781
[]\T1/ptm/m/n/12 Code Source France : $\T1/pcr/m/n/12 http : / / www . cppfranc
e . com / codes / source \ _37316 .
 []


Underfull \hbox (badness 10000) in paragraph at lines 782--783
\T1/pcr/m/n/12 http : / / www . antsearch . univ-[]tours . fr / ea / default . 
asp ? FCT = DP&ID \
 []

[21] (./marechal-rastoix-rapport.aux)

LaTeX Warning: There were multiply-defined labels.

 ) 
Here is how much of TeX's memory you used:
 5920 strings out of 94424
 74249 string characters out of 1172362
 2144911 words of memory out of 4596557
 9016 multiletter control sequences out of 10000+50000
 54115 words of font info for 83 fonts, out of 2000000 for 2000
 582 hyphenation exceptions out of 5000
 29i,9n,42p,1467b,1521s stack positions out of 5000i,500n,6000p,200000b,40000s
PDF statistics:
 132 PDF objects out of 300000
 0 named destinations out of 131072
 46 words of extra memory for PDF output out of 10000
{/usr/local/teTeX/share/texmf.tetex/fonts/enc/dvips/psnfss/8r.enc}</usr/local
/teTeX/share/texmf.tetex/fonts/type1/urw/courier/ucrr8a.pfb></usr/local/teTeX/s
hare/texmf.tetex/fonts/type1/urw/times/utmbi8a.pfb></usr/local/teTeX/share/texm
f.tetex/fonts/type1/bluesky/cm/cmsy8.pfb></usr/local/teTeX/share/texmf.tetex/fo
nts/type1/bluesky/latex/lcircle1.pfb></usr/local/teTeX/share/texmf.tetex/fonts/
type1/bluesky/cm/cmsy10.pfb></usr/local/teTeX/share/texmf.tetex/fonts/type1/blu
esky/cm/cmmi8.pfb></usr/local/teTeX/share/texmf.tetex/fonts/type1/bluesky/cm/cm
r12.pfb></usr/local/teTeX/share/texmf.tetex/fonts/type1/bluesky/cm/cmr8.pfb></u
sr/local/teTeX/share/texmf.tetex/fonts/type1/bluesky/cm/cmmi12.pfb></usr/local/
teTeX/share/texmf.tetex/fonts/type1/urw/times/utmb8a.pfb></usr/local/teTeX/shar
e/texmf.tetex/fonts/type1/urw/times/utmr8a.pfb>
Output written on marechal-rastoix-rapport.pdf (22 pages, 802254 bytes).
